生成启动时间为 2016/6/9 10:33:46。
     1>项目“D:\Visual Studio 2013\Projects\学生管理系统（黑窗口）\Text1_002.vcxproj”在节点 2 上(Build 个目标)。
     1>ClCompile:
         C:\Program Files (x86)\Microsoft Visual Studio 12.0\VC\bin\CL.exe /c /ZI /nologo /W3 /WX- /Od /Oy- /D WIN32 /D _DEBUG /D _CONSOLE /D _UNICODE /D UNICODE /Gm /EHsc /RTC1 /MDd /GS /fp:precise /Zc:wchar_t /Zc:forScope /Fo"Debug\\" /Fd"Debug\vc120.pdb" /Gd /TP /analyze- /errorReport:prompt Text1.cpp
         Text1.cpp
     1>d:\visual studio 2013\projects\学生管理系统（黑窗口）\text1.cpp(66): warning C4996: 'getch': The POSIX name for this item is deprecated. Instead, use the ISO C++ conformant name: _getch. See online help for details.
                 c:\program files (x86)\microsoft visual studio 12.0\vc\include\conio.h(131) : 参见“getch”的声明
     1>d:\visual studio 2013\projects\学生管理系统（黑窗口）\text1.cpp(52): warning C4101: “end”: 未引用的局部变量
     1>d:\visual studio 2013\projects\学生管理系统（黑窗口）\text1.cpp(52): warning C4101: “start”: 未引用的局部变量
     1>d:\visual studio 2013\projects\学生管理系统（黑窗口）\text1.cpp(90): warning C4996: 'getch': The POSIX name for this item is deprecated. Instead, use the ISO C++ conformant name: _getch. See online help for details.
                 c:\program files (x86)\microsoft visual studio 12.0\vc\include\conio.h(131) : 参见“getch”的声明
     1>d:\visual studio 2013\projects\学生管理系统（黑窗口）\text1.cpp(108): warning C4996: 'getch': The POSIX name for this item is deprecated. Instead, use the ISO C++ conformant name: _getch. See online help for details.
                 c:\program files (x86)\microsoft visual studio 12.0\vc\include\conio.h(131) : 参见“getch”的声明
     1>d:\visual studio 2013\projects\学生管理系统（黑窗口）\text1.cpp(135): warning C4996: 'getch': The POSIX name for this item is deprecated. Instead, use the ISO C++ conformant name: _getch. See online help for details.
                 c:\program files (x86)\microsoft visual studio 12.0\vc\include\conio.h(131) : 参见“getch”的声明
     1>d:\visual studio 2013\projects\学生管理系统（黑窗口）\text1.cpp(155): warning C4996: 'scanf': This function or variable may be unsafe. Consider using scanf_s instead. To disable deprecation, use _CRT_SECURE_NO_WARNINGS. See online help for details.
                 c:\program files (x86)\microsoft visual studio 12.0\vc\include\stdio.h(283) : 参见“scanf”的声明
     1>d:\visual studio 2013\projects\学生管理系统（黑窗口）\text1.cpp(184): warning C4996: 'scanf': This function or variable may be unsafe. Consider using scanf_s instead. To disable deprecation, use _CRT_SECURE_NO_WARNINGS. See online help for details.
                 c:\program files (x86)\microsoft visual studio 12.0\vc\include\stdio.h(283) : 参见“scanf”的声明
     1>d:\visual studio 2013\projects\学生管理系统（黑窗口）\text1.cpp(218): warning C4996: 'scanf': This function or variable may be unsafe. Consider using scanf_s instead. To disable deprecation, use _CRT_SECURE_NO_WARNINGS. See online help for details.
                 c:\program files (x86)\microsoft visual studio 12.0\vc\include\stdio.h(283) : 参见“scanf”的声明
     1>d:\visual studio 2013\projects\学生管理系统（黑窗口）\text1.cpp(223): warning C4996: 'getch': The POSIX name for this item is deprecated. Instead, use the ISO C++ conformant name: _getch. See online help for details.
                 c:\program files (x86)\microsoft visual studio 12.0\vc\include\conio.h(131) : 参见“getch”的声明
     1>d:\visual studio 2013\projects\学生管理系统（黑窗口）\text1.cpp(254): warning C4996: 'fopen': This function or variable may be unsafe. Consider using fopen_s instead. To disable deprecation, use _CRT_SECURE_NO_WARNINGS. See online help for details.
                 c:\program files (x86)\microsoft visual studio 12.0\vc\include\stdio.h(211) : 参见“fopen”的声明
     1>d:\visual studio 2013\projects\学生管理系统（黑窗口）\text1.cpp(256): warning C4996: 'getch': The POSIX name for this item is deprecated. Instead, use the ISO C++ conformant name: _getch. See online help for details.
                 c:\program files (x86)\microsoft visual studio 12.0\vc\include\conio.h(131) : 参见“getch”的声明
     1>d:\visual studio 2013\projects\学生管理系统（黑窗口）\text1.cpp(266): warning C4996: 'gets': This function or variable may be unsafe. Consider using gets_s instead. To disable deprecation, use _CRT_SECURE_NO_WARNINGS. See online help for details.
                 c:\program files (x86)\microsoft visual studio 12.0\vc\include\stdio.h(254) : 参见“gets”的声明
     1>d:\visual studio 2013\projects\学生管理系统（黑窗口）\text1.cpp(269): warning C4996: 'gets': This function or variable may be unsafe. Consider using gets_s instead. To disable deprecation, use _CRT_SECURE_NO_WARNINGS. See online help for details.
                 c:\program files (x86)\microsoft visual studio 12.0\vc\include\stdio.h(254) : 参见“gets”的声明
     1>d:\visual studio 2013\projects\学生管理系统（黑窗口）\text1.cpp(271): warning C4996: 'gets': This function or variable may be unsafe. Consider using gets_s instead. To disable deprecation, use _CRT_SECURE_NO_WARNINGS. See online help for details.
                 c:\program files (x86)\microsoft visual studio 12.0\vc\include\stdio.h(254) : 参见“gets”的声明
     1>d:\visual studio 2013\projects\学生管理系统（黑窗口）\text1.cpp(273): warning C4996: 'gets': This function or variable may be unsafe. Consider using gets_s instead. To disable deprecation, use _CRT_SECURE_NO_WARNINGS. See online help for details.
                 c:\program files (x86)\microsoft visual studio 12.0\vc\include\stdio.h(254) : 参见“gets”的声明
     1>d:\visual studio 2013\projects\学生管理系统（黑窗口）\text1.cpp(275): warning C4996: 'gets': This function or variable may be unsafe. Consider using gets_s instead. To disable deprecation, use _CRT_SECURE_NO_WARNINGS. See online help for details.
                 c:\program files (x86)\microsoft visual studio 12.0\vc\include\stdio.h(254) : 参见“gets”的声明
     1>d:\visual studio 2013\projects\学生管理系统（黑窗口）\text1.cpp(277): warning C4996: 'gets': This function or variable may be unsafe. Consider using gets_s instead. To disable deprecation, use _CRT_SECURE_NO_WARNINGS. See online help for details.
                 c:\program files (x86)\microsoft visual studio 12.0\vc\include\stdio.h(254) : 参见“gets”的声明
     1>d:\visual studio 2013\projects\学生管理系统（黑窗口）\text1.cpp(279): warning C4996: 'gets': This function or variable may be unsafe. Consider using gets_s instead. To disable deprecation, use _CRT_SECURE_NO_WARNINGS. See online help for details.
                 c:\program files (x86)\microsoft visual studio 12.0\vc\include\stdio.h(254) : 参见“gets”的声明
     1>d:\visual studio 2013\projects\学生管理系统（黑窗口）\text1.cpp(283): warning C4996: 'getch': The POSIX name for this item is deprecated. Instead, use the ISO C++ conformant name: _getch. See online help for details.
                 c:\program files (x86)\microsoft visual studio 12.0\vc\include\conio.h(131) : 参见“getch”的声明
     1>d:\visual studio 2013\projects\学生管理系统（黑窗口）\text1.cpp(292): warning C4996: 'getch': The POSIX name for this item is deprecated. Instead, use the ISO C++ conformant name: _getch. See online help for details.
                 c:\program files (x86)\microsoft visual studio 12.0\vc\include\conio.h(131) : 参见“getch”的声明
     1>d:\visual studio 2013\projects\学生管理系统（黑窗口）\text1.cpp(297): warning C4996: 'getch': The POSIX name for this item is deprecated. Instead, use the ISO C++ conformant name: _getch. See online help for details.
                 c:\program files (x86)\microsoft visual studio 12.0\vc\include\conio.h(131) : 参见“getch”的声明
     1>d:\visual studio 2013\projects\学生管理系统（黑窗口）\text1.cpp(308): warning C4996: 'fopen': This function or variable may be unsafe. Consider using fopen_s instead. To disable deprecation, use _CRT_SECURE_NO_WARNINGS. See online help for details.
                 c:\program files (x86)\microsoft visual studio 12.0\vc\include\stdio.h(211) : 参见“fopen”的声明
     1>d:\visual studio 2013\projects\学生管理系统（黑窗口）\text1.cpp(310): warning C4996: 'getch': The POSIX name for this item is deprecated. Instead, use the ISO C++ conformant name: _getch. See online help for details.
                 c:\program files (x86)\microsoft visual studio 12.0\vc\include\conio.h(131) : 参见“getch”的声明
     1>d:\visual studio 2013\projects\学生管理系统（黑窗口）\text1.cpp(318): warning C4996: 'getch': The POSIX name for this item is deprecated. Instead, use the ISO C++ conformant name: _getch. See online help for details.
                 c:\program files (x86)\microsoft visual studio 12.0\vc\include\conio.h(131) : 参见“getch”的声明
     1>d:\visual studio 2013\projects\学生管理系统（黑窗口）\text1.cpp(323): warning C4996: 'gets': This function or variable may be unsafe. Consider using gets_s instead. To disable deprecation, use _CRT_SECURE_NO_WARNINGS. See online help for details.
                 c:\program files (x86)\microsoft visual studio 12.0\vc\include\stdio.h(254) : 参见“gets”的声明
     1>d:\visual studio 2013\projects\学生管理系统（黑窗口）\text1.cpp(342): warning C4996: 'getch': The POSIX name for this item is deprecated. Instead, use the ISO C++ conformant name: _getch. See online help for details.
                 c:\program files (x86)\microsoft visual studio 12.0\vc\include\conio.h(131) : 参见“getch”的声明
     1>d:\visual studio 2013\projects\学生管理系统（黑窗口）\text1.cpp(350): warning C4996: 'getch': The POSIX name for this item is deprecated. Instead, use the ISO C++ conformant name: _getch. See online help for details.
                 c:\program files (x86)\microsoft visual studio 12.0\vc\include\conio.h(131) : 参见“getch”的声明
     1>d:\visual studio 2013\projects\学生管理系统（黑窗口）\text1.cpp(356): warning C4996: 'getch': The POSIX name for this item is deprecated. Instead, use the ISO C++ conformant name: _getch. See online help for details.
                 c:\program files (x86)\microsoft visual studio 12.0\vc\include\conio.h(131) : 参见“getch”的声明
     1>d:\visual studio 2013\projects\学生管理系统（黑窗口）\text1.cpp(364): warning C4996: 'fopen': This function or variable may be unsafe. Consider using fopen_s instead. To disable deprecation, use _CRT_SECURE_NO_WARNINGS. See online help for details.
                 c:\program files (x86)\microsoft visual studio 12.0\vc\include\stdio.h(211) : 参见“fopen”的声明
     1>d:\visual studio 2013\projects\学生管理系统（黑窗口）\text1.cpp(366): warning C4996: 'getch': The POSIX name for this item is deprecated. Instead, use the ISO C++ conformant name: _getch. See online help for details.
                 c:\program files (x86)\microsoft visual studio 12.0\vc\include\conio.h(131) : 参见“getch”的声明
     1>d:\visual studio 2013\projects\学生管理系统（黑窗口）\text1.cpp(374): warning C4996: 'getch': The POSIX name for this item is deprecated. Instead, use the ISO C++ conformant name: _getch. See online help for details.
                 c:\program files (x86)\microsoft visual studio 12.0\vc\include\conio.h(131) : 参见“getch”的声明
     1>d:\visual studio 2013\projects\学生管理系统（黑窗口）\text1.cpp(394): warning C4996: 'getch': The POSIX name for this item is deprecated. Instead, use the ISO C++ conformant name: _getch. See online help for details.
                 c:\program files (x86)\microsoft visual studio 12.0\vc\include\conio.h(131) : 参见“getch”的声明
     1>d:\visual studio 2013\projects\学生管理系统（黑窗口）\text1.cpp(399): warning C4996: 'getch': The POSIX name for this item is deprecated. Instead, use the ISO C++ conformant name: _getch. See online help for details.
                 c:\program files (x86)\microsoft visual studio 12.0\vc\include\conio.h(131) : 参见“getch”的声明
     1>d:\visual studio 2013\projects\学生管理系统（黑窗口）\text1.cpp(410): warning C4996: 'fopen': This function or variable may be unsafe. Consider using fopen_s instead. To disable deprecation, use _CRT_SECURE_NO_WARNINGS. See online help for details.
                 c:\program files (x86)\microsoft visual studio 12.0\vc\include\stdio.h(211) : 参见“fopen”的声明
     1>d:\visual studio 2013\projects\学生管理系统（黑窗口）\text1.cpp(412): warning C4996: 'getch': The POSIX name for this item is deprecated. Instead, use the ISO C++ conformant name: _getch. See online help for details.
                 c:\program files (x86)\microsoft visual studio 12.0\vc\include\conio.h(131) : 参见“getch”的声明
     1>d:\visual studio 2013\projects\学生管理系统（黑窗口）\text1.cpp(420): warning C4996: 'getch': The POSIX name for this item is deprecated. Instead, use the ISO C++ conformant name: _getch. See online help for details.
                 c:\program files (x86)\microsoft visual studio 12.0\vc\include\conio.h(131) : 参见“getch”的声明
     1>d:\visual studio 2013\projects\学生管理系统（黑窗口）\text1.cpp(424): warning C4996: 'gets': This function or variable may be unsafe. Consider using gets_s instead. To disable deprecation, use _CRT_SECURE_NO_WARNINGS. See online help for details.
                 c:\program files (x86)\microsoft visual studio 12.0\vc\include\stdio.h(254) : 参见“gets”的声明
     1>d:\visual studio 2013\projects\学生管理系统（黑窗口）\text1.cpp(429): warning C4996: 'getch': The POSIX name for this item is deprecated. Instead, use the ISO C++ conformant name: _getch. See online help for details.
                 c:\program files (x86)\microsoft visual studio 12.0\vc\include\conio.h(131) : 参见“getch”的声明
     1>d:\visual studio 2013\projects\学生管理系统（黑窗口）\text1.cpp(434): warning C4996: 'getch': The POSIX name for this item is deprecated. Instead, use the ISO C++ conformant name: _getch. See online help for details.
                 c:\program files (x86)\microsoft visual studio 12.0\vc\include\conio.h(131) : 参见“getch”的声明
     1>d:\visual studio 2013\projects\学生管理系统（黑窗口）\text1.cpp(440): warning C4996: 'fopen': This function or variable may be unsafe. Consider using fopen_s instead. To disable deprecation, use _CRT_SECURE_NO_WARNINGS. See online help for details.
                 c:\program files (x86)\microsoft visual studio 12.0\vc\include\stdio.h(211) : 参见“fopen”的声明
     1>d:\visual studio 2013\projects\学生管理系统（黑窗口）\text1.cpp(443): warning C4996: 'getch': The POSIX name for this item is deprecated. Instead, use the ISO C++ conformant name: _getch. See online help for details.
                 c:\program files (x86)\microsoft visual studio 12.0\vc\include\conio.h(131) : 参见“getch”的声明
     1>d:\visual studio 2013\projects\学生管理系统（黑窗口）\text1.cpp(453): warning C4996: 'getch': The POSIX name for this item is deprecated. Instead, use the ISO C++ conformant name: _getch. See online help for details.
                 c:\program files (x86)\microsoft visual studio 12.0\vc\include\conio.h(131) : 参见“getch”的声明
     1>d:\visual studio 2013\projects\学生管理系统（黑窗口）\text1.cpp(467): warning C4996: 'getch': The POSIX name for this item is deprecated. Instead, use the ISO C++ conformant name: _getch. See online help for details.
                 c:\program files (x86)\microsoft visual studio 12.0\vc\include\conio.h(131) : 参见“getch”的声明
     1>d:\visual studio 2013\projects\学生管理系统（黑窗口）\text1.cpp(481): warning C4996: 'getch': The POSIX name for this item is deprecated. Instead, use the ISO C++ conformant name: _getch. See online help for details.
                 c:\program files (x86)\microsoft visual studio 12.0\vc\include\conio.h(131) : 参见“getch”的声明
     1>d:\visual studio 2013\projects\学生管理系统（黑窗口）\text1.cpp(494): warning C4996: 'getch': The POSIX name for this item is deprecated. Instead, use the ISO C++ conformant name: _getch. See online help for details.
                 c:\program files (x86)\microsoft visual studio 12.0\vc\include\conio.h(131) : 参见“getch”的声明
     1>d:\visual studio 2013\projects\学生管理系统（黑窗口）\text1.cpp(499): warning C4996: 'gets': This function or variable may be unsafe. Consider using gets_s instead. To disable deprecation, use _CRT_SECURE_NO_WARNINGS. See online help for details.
                 c:\program files (x86)\microsoft visual studio 12.0\vc\include\stdio.h(254) : 参见“gets”的声明
     1>d:\visual studio 2013\projects\学生管理系统（黑窗口）\text1.cpp(505): warning C4996: 'gets': This function or variable may be unsafe. Consider using gets_s instead. To disable deprecation, use _CRT_SECURE_NO_WARNINGS. See online help for details.
                 c:\program files (x86)\microsoft visual studio 12.0\vc\include\stdio.h(254) : 参见“gets”的声明
     1>d:\visual studio 2013\projects\学生管理系统（黑窗口）\text1.cpp(508): warning C4996: 'getch': The POSIX name for this item is deprecated. Instead, use the ISO C++ conformant name: _getch. See online help for details.
                 c:\program files (x86)\microsoft visual studio 12.0\vc\include\conio.h(131) : 参见“getch”的声明
     1>d:\visual studio 2013\projects\学生管理系统（黑窗口）\text1.cpp(510): warning C4996: 'strcpy': This function or variable may be unsafe. Consider using strcpy_s instead. To disable deprecation, use _CRT_SECURE_NO_WARNINGS. See online help for details.
                 c:\program files (x86)\microsoft visual studio 12.0\vc\include\string.h(112) : 参见“strcpy”的声明
     1>d:\visual studio 2013\projects\学生管理系统（黑窗口）\text1.cpp(511): warning C4996: 'fopen': This function or variable may be unsafe. Consider using fopen_s instead. To disable deprecation, use _CRT_SECURE_NO_WARNINGS. See online help for details.
                 c:\program files (x86)\microsoft visual studio 12.0\vc\include\stdio.h(211) : 参见“fopen”的声明
     1>d:\visual studio 2013\projects\学生管理系统（黑窗口）\text1.cpp(518): warning C4996: 'getch': The POSIX name for this item is deprecated. Instead, use the ISO C++ conformant name: _getch. See online help for details.
                 c:\program files (x86)\microsoft visual studio 12.0\vc\include\conio.h(131) : 参见“getch”的声明
     1>d:\visual studio 2013\projects\学生管理系统（黑窗口）\text1.cpp(527): warning C4996: 'getch': The POSIX name for this item is deprecated. Instead, use the ISO C++ conformant name: _getch. See online help for details.
                 c:\program files (x86)\microsoft visual studio 12.0\vc\include\conio.h(131) : 参见“getch”的声明
     1>d:\visual studio 2013\projects\学生管理系统（黑窗口）\text1.cpp(537): warning C4996: 'getch': The POSIX name for this item is deprecated. Instead, use the ISO C++ conformant name: _getch. See online help for details.
                 c:\program files (x86)\microsoft visual studio 12.0\vc\include\conio.h(131) : 参见“getch”的声明
     1>d:\visual studio 2013\projects\学生管理系统（黑窗口）\text1.cpp(541): warning C4996: 'getch': The POSIX name for this item is deprecated. Instead, use the ISO C++ conformant name: _getch. See online help for details.
                 c:\program files (x86)\microsoft visual studio 12.0\vc\include\conio.h(131) : 参见“getch”的声明
     1>d:\visual studio 2013\projects\学生管理系统（黑窗口）\text1.cpp(558): warning C4996: 'getch': The POSIX name for this item is deprecated. Instead, use the ISO C++ conformant name: _getch. See online help for details.
                 c:\program files (x86)\microsoft visual studio 12.0\vc\include\conio.h(131) : 参见“getch”的声明
     1>d:\visual studio 2013\projects\学生管理系统（黑窗口）\text1.cpp(563): warning C4996: 'gets': This function or variable may be unsafe. Consider using gets_s instead. To disable deprecation, use _CRT_SECURE_NO_WARNINGS. See online help for details.
                 c:\program files (x86)\microsoft visual studio 12.0\vc\include\stdio.h(254) : 参见“gets”的声明
     1>d:\visual studio 2013\projects\学生管理系统（黑窗口）\text1.cpp(570): warning C4996: 'gets': This function or variable may be unsafe. Consider using gets_s instead. To disable deprecation, use _CRT_SECURE_NO_WARNINGS. See online help for details.
                 c:\program files (x86)\microsoft visual studio 12.0\vc\include\stdio.h(254) : 参见“gets”的声明
     1>d:\visual studio 2013\projects\学生管理系统（黑窗口）\text1.cpp(573): warning C4996: 'getch': The POSIX name for this item is deprecated. Instead, use the ISO C++ conformant name: _getch. See online help for details.
                 c:\program files (x86)\microsoft visual studio 12.0\vc\include\conio.h(131) : 参见“getch”的声明
     1>d:\visual studio 2013\projects\学生管理系统（黑窗口）\text1.cpp(575): warning C4996: 'strcpy': This function or variable may be unsafe. Consider using strcpy_s instead. To disable deprecation, use _CRT_SECURE_NO_WARNINGS. See online help for details.
                 c:\program files (x86)\microsoft visual studio 12.0\vc\include\string.h(112) : 参见“strcpy”的声明
     1>d:\visual studio 2013\projects\学生管理系统（黑窗口）\text1.cpp(576): warning C4996: 'fopen': This function or variable may be unsafe. Consider using fopen_s instead. To disable deprecation, use _CRT_SECURE_NO_WARNINGS. See online help for details.
                 c:\program files (x86)\microsoft visual studio 12.0\vc\include\stdio.h(211) : 参见“fopen”的声明
     1>d:\visual studio 2013\projects\学生管理系统（黑窗口）\text1.cpp(584): warning C4996: 'getch': The POSIX name for this item is deprecated. Instead, use the ISO C++ conformant name: _getch. See online help for details.
                 c:\program files (x86)\microsoft visual studio 12.0\vc\include\conio.h(131) : 参见“getch”的声明
     1>d:\visual studio 2013\projects\学生管理系统（黑窗口）\text1.cpp(593): warning C4996: 'getch': The POSIX name for this item is deprecated. Instead, use the ISO C++ conformant name: _getch. See online help for details.
                 c:\program files (x86)\microsoft visual studio 12.0\vc\include\conio.h(131) : 参见“getch”的声明
     1>d:\visual studio 2013\projects\学生管理系统（黑窗口）\text1.cpp(601): warning C4996: 'getch': The POSIX name for this item is deprecated. Instead, use the ISO C++ conformant name: _getch. See online help for details.
                 c:\program files (x86)\microsoft visual studio 12.0\vc\include\conio.h(131) : 参见“getch”的声明
     1>d:\visual studio 2013\projects\学生管理系统（黑窗口）\text1.cpp(608): warning C4996: 'getch': The POSIX name for this item is deprecated. Instead, use the ISO C++ conformant name: _getch. See online help for details.
                 c:\program files (x86)\microsoft visual studio 12.0\vc\include\conio.h(131) : 参见“getch”的声明
     1>d:\visual studio 2013\projects\学生管理系统（黑窗口）\text1.cpp(614): warning C4996: 'getch': The POSIX name for this item is deprecated. Instead, use the ISO C++ conformant name: _getch. See online help for details.
                 c:\program files (x86)\microsoft visual studio 12.0\vc\include\conio.h(131) : 参见“getch”的声明
     1>d:\visual studio 2013\projects\学生管理系统（黑窗口）\text1.cpp(627): warning C4996: 'getch': The POSIX name for this item is deprecated. Instead, use the ISO C++ conformant name: _getch. See online help for details.
                 c:\program files (x86)\microsoft visual studio 12.0\vc\include\conio.h(131) : 参见“getch”的声明
     1>d:\visual studio 2013\projects\学生管理系统（黑窗口）\text1.cpp(632): warning C4996: 'gets': This function or variable may be unsafe. Consider using gets_s instead. To disable deprecation, use _CRT_SECURE_NO_WARNINGS. See online help for details.
                 c:\program files (x86)\microsoft visual studio 12.0\vc\include\stdio.h(254) : 参见“gets”的声明
     1>d:\visual studio 2013\projects\学生管理系统（黑窗口）\text1.cpp(638): warning C4996: 'gets': This function or variable may be unsafe. Consider using gets_s instead. To disable deprecation, use _CRT_SECURE_NO_WARNINGS. See online help for details.
                 c:\program files (x86)\microsoft visual studio 12.0\vc\include\stdio.h(254) : 参见“gets”的声明
     1>d:\visual studio 2013\projects\学生管理系统（黑窗口）\text1.cpp(641): warning C4996: 'getch': The POSIX name for this item is deprecated. Instead, use the ISO C++ conformant name: _getch. See online help for details.
                 c:\program files (x86)\microsoft visual studio 12.0\vc\include\conio.h(131) : 参见“getch”的声明
     1>d:\visual studio 2013\projects\学生管理系统（黑窗口）\text1.cpp(643): warning C4996: 'strcpy': This function or variable may be unsafe. Consider using strcpy_s instead. To disable deprecation, use _CRT_SECURE_NO_WARNINGS. See online help for details.
                 c:\program files (x86)\microsoft visual studio 12.0\vc\include\string.h(112) : 参见“strcpy”的声明
     1>d:\visual studio 2013\projects\学生管理系统（黑窗口）\text1.cpp(644): warning C4996: 'fopen': This function or variable may be unsafe. Consider using fopen_s instead. To disable deprecation, use _CRT_SECURE_NO_WARNINGS. See online help for details.
                 c:\program files (x86)\microsoft visual studio 12.0\vc\include\stdio.h(211) : 参见“fopen”的声明
     1>d:\visual studio 2013\projects\学生管理系统（黑窗口）\text1.cpp(654): warning C4996: 'getch': The POSIX name for this item is deprecated. Instead, use the ISO C++ conformant name: _getch. See online help for details.
                 c:\program files (x86)\microsoft visual studio 12.0\vc\include\conio.h(131) : 参见“getch”的声明
     1>d:\visual studio 2013\projects\学生管理系统（黑窗口）\text1.cpp(663): warning C4996: 'getch': The POSIX name for this item is deprecated. Instead, use the ISO C++ conformant name: _getch. See online help for details.
                 c:\program files (x86)\microsoft visual studio 12.0\vc\include\conio.h(131) : 参见“getch”的声明
     1>d:\visual studio 2013\projects\学生管理系统（黑窗口）\text1.cpp(670): warning C4996: 'getch': The POSIX name for this item is deprecated. Instead, use the ISO C++ conformant name: _getch. See online help for details.
                 c:\program files (x86)\microsoft visual studio 12.0\vc\include\conio.h(131) : 参见“getch”的声明
     1>d:\visual studio 2013\projects\学生管理系统（黑窗口）\text1.cpp(678): warning C4996: 'getch': The POSIX name for this item is deprecated. Instead, use the ISO C++ conformant name: _getch. See online help for details.
                 c:\program files (x86)\microsoft visual studio 12.0\vc\include\conio.h(131) : 参见“getch”的声明
     1>d:\visual studio 2013\projects\学生管理系统（黑窗口）\text1.cpp(685): warning C4996: 'getch': The POSIX name for this item is deprecated. Instead, use the ISO C++ conformant name: _getch. See online help for details.
                 c:\program files (x86)\microsoft visual studio 12.0\vc\include\conio.h(131) : 参见“getch”的声明
     1>d:\visual studio 2013\projects\学生管理系统（黑窗口）\text1.cpp(699): warning C4996: 'getch': The POSIX name for this item is deprecated. Instead, use the ISO C++ conformant name: _getch. See online help for details.
                 c:\program files (x86)\microsoft visual studio 12.0\vc\include\conio.h(131) : 参见“getch”的声明
     1>d:\visual studio 2013\projects\学生管理系统（黑窗口）\text1.cpp(704): warning C4996: 'gets': This function or variable may be unsafe. Consider using gets_s instead. To disable deprecation, use _CRT_SECURE_NO_WARNINGS. See online help for details.
                 c:\program files (x86)\microsoft visual studio 12.0\vc\include\stdio.h(254) : 参见“gets”的声明
     1>d:\visual studio 2013\projects\学生管理系统（黑窗口）\text1.cpp(710): warning C4996: 'gets': This function or variable may be unsafe. Consider using gets_s instead. To disable deprecation, use _CRT_SECURE_NO_WARNINGS. See online help for details.
                 c:\program files (x86)\microsoft visual studio 12.0\vc\include\stdio.h(254) : 参见“gets”的声明
     1>d:\visual studio 2013\projects\学生管理系统（黑窗口）\text1.cpp(713): warning C4996: 'getch': The POSIX name for this item is deprecated. Instead, use the ISO C++ conformant name: _getch. See online help for details.
                 c:\program files (x86)\microsoft visual studio 12.0\vc\include\conio.h(131) : 参见“getch”的声明
     1>d:\visual studio 2013\projects\学生管理系统（黑窗口）\text1.cpp(715): warning C4996: 'strcpy': This function or variable may be unsafe. Consider using strcpy_s instead. To disable deprecation, use _CRT_SECURE_NO_WARNINGS. See online help for details.
                 c:\program files (x86)\microsoft visual studio 12.0\vc\include\string.h(112) : 参见“strcpy”的声明
     1>d:\visual studio 2013\projects\学生管理系统（黑窗口）\text1.cpp(716): warning C4996: 'fopen': This function or variable may be unsafe. Consider using fopen_s instead. To disable deprecation, use _CRT_SECURE_NO_WARNINGS. See online help for details.
                 c:\program files (x86)\microsoft visual studio 12.0\vc\include\stdio.h(211) : 参见“fopen”的声明
     1>d:\visual studio 2013\projects\学生管理系统（黑窗口）\text1.cpp(726): warning C4996: 'getch': The POSIX name for this item is deprecated. Instead, use the ISO C++ conformant name: _getch. See online help for details.
                 c:\program files (x86)\microsoft visual studio 12.0\vc\include\conio.h(131) : 参见“getch”的声明
     1>d:\visual studio 2013\projects\学生管理系统（黑窗口）\text1.cpp(735): warning C4996: 'getch': The POSIX name for this item is deprecated. Instead, use the ISO C++ conformant name: _getch. See online help for details.
                 c:\program files (x86)\microsoft visual studio 12.0\vc\include\conio.h(131) : 参见“getch”的声明
     1>d:\visual studio 2013\projects\学生管理系统（黑窗口）\text1.cpp(742): warning C4996: 'getch': The POSIX name for this item is deprecated. Instead, use the ISO C++ conformant name: _getch. See online help for details.
                 c:\program files (x86)\microsoft visual studio 12.0\vc\include\conio.h(131) : 参见“getch”的声明
     1>d:\visual studio 2013\projects\学生管理系统（黑窗口）\text1.cpp(750): warning C4996: 'getch': The POSIX name for this item is deprecated. Instead, use the ISO C++ conformant name: _getch. See online help for details.
                 c:\program files (x86)\microsoft visual studio 12.0\vc\include\conio.h(131) : 参见“getch”的声明
     1>d:\visual studio 2013\projects\学生管理系统（黑窗口）\text1.cpp(757): warning C4996: 'getch': The POSIX name for this item is deprecated. Instead, use the ISO C++ conformant name: _getch. See online help for details.
                 c:\program files (x86)\microsoft visual studio 12.0\vc\include\conio.h(131) : 参见“getch”的声明
     1>d:\visual studio 2013\projects\学生管理系统（黑窗口）\text1.cpp(771): warning C4996: 'getch': The POSIX name for this item is deprecated. Instead, use the ISO C++ conformant name: _getch. See online help for details.
                 c:\program files (x86)\microsoft visual studio 12.0\vc\include\conio.h(131) : 参见“getch”的声明
     1>d:\visual studio 2013\projects\学生管理系统（黑窗口）\text1.cpp(778): warning C4996: 'gets': This function or variable may be unsafe. Consider using gets_s instead. To disable deprecation, use _CRT_SECURE_NO_WARNINGS. See online help for details.
                 c:\program files (x86)\microsoft visual studio 12.0\vc\include\stdio.h(254) : 参见“gets”的声明
     1>d:\visual studio 2013\projects\学生管理系统（黑窗口）\text1.cpp(785): warning C4996: 'gets': This function or variable may be unsafe. Consider using gets_s instead. To disable deprecation, use _CRT_SECURE_NO_WARNINGS. See online help for details.
                 c:\program files (x86)\microsoft visual studio 12.0\vc\include\stdio.h(254) : 参见“gets”的声明
     1>d:\visual studio 2013\projects\学生管理系统（黑窗口）\text1.cpp(788): warning C4996: 'getch': The POSIX name for this item is deprecated. Instead, use the ISO C++ conformant name: _getch. See online help for details.
                 c:\program files (x86)\microsoft visual studio 12.0\vc\include\conio.h(131) : 参见“getch”的声明
     1>d:\visual studio 2013\projects\学生管理系统（黑窗口）\text1.cpp(790): warning C4996: 'strcpy': This function or variable may be unsafe. Consider using strcpy_s instead. To disable deprecation, use _CRT_SECURE_NO_WARNINGS. See online help for details.
                 c:\program files (x86)\microsoft visual studio 12.0\vc\include\string.h(112) : 参见“strcpy”的声明
     1>d:\visual studio 2013\projects\学生管理系统（黑窗口）\text1.cpp(791): warning C4996: 'fopen': This function or variable may be unsafe. Consider using fopen_s instead. To disable deprecation, use _CRT_SECURE_NO_WARNINGS. See online help for details.
                 c:\program files (x86)\microsoft visual studio 12.0\vc\include\stdio.h(211) : 参见“fopen”的声明
     1>d:\visual studio 2013\projects\学生管理系统（黑窗口）\text1.cpp(801): warning C4996: 'getch': The POSIX name for this item is deprecated. Instead, use the ISO C++ conformant name: _getch. See online help for details.
                 c:\program files (x86)\microsoft visual studio 12.0\vc\include\conio.h(131) : 参见“getch”的声明
     1>d:\visual studio 2013\projects\学生管理系统（黑窗口）\text1.cpp(810): warning C4996: 'getch': The POSIX name for this item is deprecated. Instead, use the ISO C++ conformant name: _getch. See online help for details.
                 c:\program files (x86)\microsoft visual studio 12.0\vc\include\conio.h(131) : 参见“getch”的声明
     1>d:\visual studio 2013\projects\学生管理系统（黑窗口）\text1.cpp(817): warning C4996: 'getch': The POSIX name for this item is deprecated. Instead, use the ISO C++ conformant name: _getch. See online help for details.
                 c:\program files (x86)\microsoft visual studio 12.0\vc\include\conio.h(131) : 参见“getch”的声明
     1>d:\visual studio 2013\projects\学生管理系统（黑窗口）\text1.cpp(825): warning C4996: 'getch': The POSIX name for this item is deprecated. Instead, use the ISO C++ conformant name: _getch. See online help for details.
                 c:\program files (x86)\microsoft visual studio 12.0\vc\include\conio.h(131) : 参见“getch”的声明
     1>d:\visual studio 2013\projects\学生管理系统（黑窗口）\text1.cpp(832): warning C4996: 'getch': The POSIX name for this item is deprecated. Instead, use the ISO C++ conformant name: _getch. See online help for details.
                 c:\program files (x86)\microsoft visual studio 12.0\vc\include\conio.h(131) : 参见“getch”的声明
     1>d:\visual studio 2013\projects\学生管理系统（黑窗口）\text1.cpp(846): warning C4996: 'getch': The POSIX name for this item is deprecated. Instead, use the ISO C++ conformant name: _getch. See online help for details.
                 c:\program files (x86)\microsoft visual studio 12.0\vc\include\conio.h(131) : 参见“getch”的声明
     1>d:\visual studio 2013\projects\学生管理系统（黑窗口）\text1.cpp(852): warning C4996: 'gets': This function or variable may be unsafe. Consider using gets_s instead. To disable deprecation, use _CRT_SECURE_NO_WARNINGS. See online help for details.
                 c:\program files (x86)\microsoft visual studio 12.0\vc\include\stdio.h(254) : 参见“gets”的声明
     1>d:\visual studio 2013\projects\学生管理系统（黑窗口）\text1.cpp(858): warning C4996: 'gets': This function or variable may be unsafe. Consider using gets_s instead. To disable deprecation, use _CRT_SECURE_NO_WARNINGS. See online help for details.
                 c:\program files (x86)\microsoft visual studio 12.0\vc\include\stdio.h(254) : 参见“gets”的声明
     1>d:\visual studio 2013\projects\学生管理系统（黑窗口）\text1.cpp(861): warning C4996: 'getch': The POSIX name for this item is deprecated. Instead, use the ISO C++ conformant name: _getch. See online help for details.
                 c:\program files (x86)\microsoft visual studio 12.0\vc\include\conio.h(131) : 参见“getch”的声明
     1>d:\visual studio 2013\projects\学生管理系统（黑窗口）\text1.cpp(863): warning C4996: 'strcpy': This function or variable may be unsafe. Consider using strcpy_s instead. To disable deprecation, use _CRT_SECURE_NO_WARNINGS. See online help for details.
                 c:\program files (x86)\microsoft visual studio 12.0\vc\include\string.h(112) : 参见“strcpy”的声明
     1>d:\visual studio 2013\projects\学生管理系统（黑窗口）\text1.cpp(864): warning C4996: 'fopen': This function or variable may be unsafe. Consider using fopen_s instead. To disable deprecation, use _CRT_SECURE_NO_WARNINGS. See online help for details.
                 c:\program files (x86)\microsoft visual studio 12.0\vc\include\stdio.h(211) : 参见“fopen”的声明
     1>d:\visual studio 2013\projects\学生管理系统（黑窗口）\text1.cpp(874): warning C4996: 'getch': The POSIX name for this item is deprecated. Instead, use the ISO C++ conformant name: _getch. See online help for details.
                 c:\program files (x86)\microsoft visual studio 12.0\vc\include\conio.h(131) : 参见“getch”的声明
     1>d:\visual studio 2013\projects\学生管理系统（黑窗口）\text1.cpp(883): warning C4996: 'getch': The POSIX name for this item is deprecated. Instead, use the ISO C++ conformant name: _getch. See online help for details.
                 c:\program files (x86)\microsoft visual studio 12.0\vc\include\conio.h(131) : 参见“getch”的声明
     1>d:\visual studio 2013\projects\学生管理系统（黑窗口）\text1.cpp(889): warning C4996: 'getch': The POSIX name for this item is deprecated. Instead, use the ISO C++ conformant name: _getch. See online help for details.
                 c:\program files (x86)\microsoft visual studio 12.0\vc\include\conio.h(131) : 参见“getch”的声明
     1>d:\visual studio 2013\projects\学生管理系统（黑窗口）\text1.cpp(895): warning C4996: 'getch': The POSIX name for this item is deprecated. Instead, use the ISO C++ conformant name: _getch. See online help for details.
                 c:\program files (x86)\microsoft visual studio 12.0\vc\include\conio.h(131) : 参见“getch”的声明
     1>d:\visual studio 2013\projects\学生管理系统（黑窗口）\text1.cpp(901): warning C4996: 'getch': The POSIX name for this item is deprecated. Instead, use the ISO C++ conformant name: _getch. See online help for details.
                 c:\program files (x86)\microsoft visual studio 12.0\vc\include\conio.h(131) : 参见“getch”的声明
     1>d:\visual studio 2013\projects\学生管理系统（黑窗口）\text1.cpp(914): warning C4996: 'getch': The POSIX name for this item is deprecated. Instead, use the ISO C++ conformant name: _getch. See online help for details.
                 c:\program files (x86)\microsoft visual studio 12.0\vc\include\conio.h(131) : 参见“getch”的声明
     1>d:\visual studio 2013\projects\学生管理系统（黑窗口）\text1.cpp(921): warning C4996: 'gets': This function or variable may be unsafe. Consider using gets_s instead. To disable deprecation, use _CRT_SECURE_NO_WARNINGS. See online help for details.
                 c:\program files (x86)\microsoft visual studio 12.0\vc\include\stdio.h(254) : 参见“gets”的声明
     1>d:\visual studio 2013\projects\学生管理系统（黑窗口）\text1.cpp(927): warning C4996: 'gets': This function or variable may be unsafe. Consider using gets_s instead. To disable deprecation, use _CRT_SECURE_NO_WARNINGS. See online help for details.
                 c:\program files (x86)\microsoft visual studio 12.0\vc\include\stdio.h(254) : 参见“gets”的声明
     1>d:\visual studio 2013\projects\学生管理系统（黑窗口）\text1.cpp(930): warning C4996: 'getch': The POSIX name for this item is deprecated. Instead, use the ISO C++ conformant name: _getch. See online help for details.
                 c:\program files (x86)\microsoft visual studio 12.0\vc\include\conio.h(131) : 参见“getch”的声明
     1>d:\visual studio 2013\projects\学生管理系统（黑窗口）\text1.cpp(932): warning C4996: 'strcpy': This function or variable may be unsafe. Consider using strcpy_s instead. To disable deprecation, use _CRT_SECURE_NO_WARNINGS. See online help for details.
                 c:\program files (x86)\microsoft visual studio 12.0\vc\include\string.h(112) : 参见“strcpy”的声明
     1>d:\visual studio 2013\projects\学生管理系统（黑窗口）\text1.cpp(933): warning C4996: 'fopen': This function or variable may be unsafe. Consider using fopen_s instead. To disable deprecation, use _CRT_SECURE_NO_WARNINGS. See online help for details.
                 c:\program files (x86)\microsoft visual studio 12.0\vc\include\stdio.h(211) : 参见“fopen”的声明
     1>d:\visual studio 2013\projects\学生管理系统（黑窗口）\text1.cpp(943): warning C4996: 'getch': The POSIX name for this item is deprecated. Instead, use the ISO C++ conformant name: _getch. See online help for details.
                 c:\program files (x86)\microsoft visual studio 12.0\vc\include\conio.h(131) : 参见“getch”的声明
     1>d:\visual studio 2013\projects\学生管理系统（黑窗口）\text1.cpp(951): warning C4996: 'getch': The POSIX name for this item is deprecated. Instead, use the ISO C++ conformant name: _getch. See online help for details.
                 c:\program files (x86)\microsoft visual studio 12.0\vc\include\conio.h(131) : 参见“getch”的声明
     1>d:\visual studio 2013\projects\学生管理系统（黑窗口）\text1.cpp(957): warning C4996: 'getch': The POSIX name for this item is deprecated. Instead, use the ISO C++ conformant name: _getch. See online help for details.
                 c:\program files (x86)\microsoft visual studio 12.0\vc\include\conio.h(131) : 参见“getch”的声明
     1>d:\visual studio 2013\projects\学生管理系统（黑窗口）\text1.cpp(963): warning C4996: 'getch': The POSIX name for this item is deprecated. Instead, use the ISO C++ conformant name: _getch. See online help for details.
                 c:\program files (x86)\microsoft visual studio 12.0\vc\include\conio.h(131) : 参见“getch”的声明
     1>d:\visual studio 2013\projects\学生管理系统（黑窗口）\text1.cpp(969): warning C4996: 'getch': The POSIX name for this item is deprecated. Instead, use the ISO C++ conformant name: _getch. See online help for details.
                 c:\program files (x86)\microsoft visual studio 12.0\vc\include\conio.h(131) : 参见“getch”的声明
     1>d:\visual studio 2013\projects\学生管理系统（黑窗口）\text1.cpp(977): warning C4996: 'fopen': This function or variable may be unsafe. Consider using fopen_s instead. To disable deprecation, use _CRT_SECURE_NO_WARNINGS. See online help for details.
                 c:\program files (x86)\microsoft visual studio 12.0\vc\include\stdio.h(211) : 参见“fopen”的声明
     1>d:\visual studio 2013\projects\学生管理系统（黑窗口）\text1.cpp(979): warning C4996: 'getch': The POSIX name for this item is deprecated. Instead, use the ISO C++ conformant name: _getch. See online help for details.
                 c:\program files (x86)\microsoft visual studio 12.0\vc\include\conio.h(131) : 参见“getch”的声明
     1>d:\visual studio 2013\projects\学生管理系统（黑窗口）\text1.cpp(996): warning C4996: 'getch': The POSIX name for this item is deprecated. Instead, use the ISO C++ conformant name: _getch. See online help for details.
                 c:\program files (x86)\microsoft visual studio 12.0\vc\include\conio.h(131) : 参见“getch”的声明
       Link:
         C:\Program Files (x86)\Microsoft Visual Studio 12.0\VC\bin\link.exe /ERRORREPORT:PROMPT /OUT:"D:\Visual Studio 2013\Projects\学生管理系统（黑窗口）\Debug\Text1_002.exe" /INCREMENTAL /NOLOGO kernel32.lib user32.lib gdi32.lib winspool.lib comdlg32.lib advapi32.lib shell32.lib ole32.lib oleaut32.lib uuid.lib odbc32.lib odbccp32.lib /MANIFEST /MANIFESTUAC:"level='asInvoker' uiAccess='false'" /manifest:embed /DEBUG /PDB:"D:\Visual Studio 2013\Projects\学生管理系统（黑窗口）\Debug\Text1_002.pdb" /SUBSYSTEM:CONSOLE /TLBID:1 /DYNAMICBASE /NXCOMPAT /IMPLIB:"D:\Visual Studio 2013\Projects\学生管理系统（黑窗口）\Debug\Text1_002.lib" /MACHINE:X86 Debug\Text1_002.res
         Debug\Text1.obj
         Text1_002.vcxproj -> D:\Visual Studio 2013\Projects\学生管理系统（黑窗口）\Debug\Text1_002.exe
     1>已完成生成项目“D:\Visual Studio 2013\Projects\学生管理系统（黑窗口）\Text1_002.vcxproj”(Build 个目标)的操作。

生成成功。

已用时间 00:00:02.39
